# JRE version: Java(TM) SE Runtime Environment (8.0_60-b27) (build 1.8.0_60-b27)
# Java VM: Java HotSpot(TM) 64-Bit Server VM (25.60-b23 mixed mode linux-amd64 compressed oops)
Heap:
 PSYoungGen      total 137216K, used 19962K [0x00000000eab00000, 0x00000000f4900000, 0x0000000100000000)
  eden space 117248K, 0% used [0x00000000eab00000,0x00000000eab00000,0x00000000f1d80000)
  from space 19968K, 99% used [0x00000000f1d80000,0x00000000f30fe890,0x00000000f3100000)
  to   space 15360K, 0% used [0x00000000f3100000,0x00000000f3100000,0x00000000f4000000)
 ParOldGen       total 40960K, used 36243K [0x00000000c0000000, 0x00000000c2800000, 0x00000000eab00000)
  object space 40960K, 88% used [0x00000000c0000000,0x00000000c2364dc0,0x00000000c2800000)
 Metaspace       used 6411K, capacity 7192K, committed 7424K, reserved 1056768K
  class space    used 617K, capacity 656K, committed 768K, reserved 1048576K
GC Heap History (10 events):
Event: 12.886 GC heap after
Heap after GC invocations=4 (full 0):
 PSYoungGen      total 33280K, used 2557K [0x00000000eab00000, 0x00000000ece00000, 0x0000000100000000)
  eden space 30720K, 0% used [0x00000000eab00000,0x00000000eab00000,0x00000000ec900000)
  from space 2560K, 99% used [0x00000000ecb80000,0x00000000ecdff480,0x00000000ece00000)
  to   space 2560K, 0% used [0x00000000ec900000,0x00000000ec900000,0x00000000ecb80000)
 ParOldGen       total 40960K, used 7420K [0x00000000c0000000, 0x00000000c2800000, 0x00000000eab00000)
  object space 40960K, 18% used [0x00000000c0000000,0x00000000c073f108,0x00000000c2800000)
 Metaspace       used 5862K, capacity 6832K, committed 7040K, reserved 1056768K
  class space    used 595K, capacity 616K, committed 640K, reserved 1048576K
}
Event: 13.944 GC heap before
{Heap before GC invocations=5 (full 0):
 PSYoungGen      total 33280K, used 33277K [0x00000000eab00000, 0x00000000ece00000, 0x0000000100000000)
  eden space 30720K, 100% used [0x00000000eab00000,0x00000000ec900000,0x00000000ec900000)
  from space 2560K, 99% used [0x00000000ecb80000,0x00000000ecdff480,0x00000000ece00000)
  to   space 2560K, 0% used [0x00000000ec900000,0x00000000ec900000,0x00000000ecb80000)
 ParOldGen       total 40960K, used 7420K [0x00000000c0000000, 0x00000000c2800000, 0x00000000eab00000)
  object space 40960K, 18% used [0x00000000c0000000,0x00000000c073f108,0x00000000c2800000)
 Metaspace       used 5911K, capacity 6896K, committed 7040K, reserved 1056768K
  class space    used 596K, capacity 616K, committed 640K, reserved 1048576K
Event: 13.987 GC heap after
Heap after GC invocations=5 (full 0):
 PSYoungGen      total 33280K, used 2541K [0x00000000eab00000, 0x00000000efa00000, 0x0000000100000000)
  eden space 30720K, 0% used [0x00000000eab00000,0x00000000eab00000,0x00000000ec900000)
  from space 2560K, 99% used [0x00000000ec900000,0x00000000ecb7b470,0x00000000ecb80000)
  to   space 9728K, 0% used [0x00000000ef080000,0x00000000ef080000,0x00000000efa00000)
 ParOldGen       total 40960K, used 12653K [0x00000000c0000000, 0x00000000c2800000, 0x00000000eab00000)
  object space 40960K, 30% used [0x00000000c0000000,0x00000000c0c5b418,0x00000000c2800000)
 Metaspace       used 5911K, capacity 6896K, committed 7040K, reserved 1056768K
  class space    used 596K, capacity 616K, committed 640K, reserved 1048576K
}
Event: 14.454 GC heap before
{Heap before GC invocations=6 (full 0):
 PSYoungGen      total 33280K, used 33261K [0x00000000eab00000, 0x00000000efa00000, 0x0000000100000000)
  eden space 30720K, 100% used [0x00000000eab00000,0x00000000ec900000,0x00000000ec900000)
  from space 2560K, 99% used [0x00000000ec900000,0x00000000ecb7b470,0x00000000ecb80000)
  to   space 9728K, 0% used [0x00000000ef080000,0x00000000ef080000,0x00000000efa00000)
 ParOldGen       total 40960K, used 12653K [0x00000000c0000000, 0x00000000c2800000, 0x00000000eab00000)
  object space 40960K, 30% used [0x00000000c0000000,0x00000000c0c5b418,0x00000000c2800000)
 Metaspace       used 5919K, capacity 6896K, committed 7040K, reserved 1056768K
  class space    used 596K, capacity 616K, committed 640K, reserved 1048576K
Event: 14.539 GC heap after
Heap after GC invocations=6 (full 0):
 PSYoungGen      total 70656K, used 7617K [0x00000000eab00000, 0x00000000efb00000, 0x0000000100000000)
  eden space 60928K, 0% used [0x00000000eab00000,0x00000000eab00000,0x00000000ee680000)
  from space 9728K, 78% used [0x00000000ef080000,0x00000000ef7f06e0,0x00000000efa00000)
  to   space 10240K, 0% used [0x00000000ee680000,0x00000000ee680000,0x00000000ef080000)
 ParOldGen       total 40960K, used 12653K [0x00000000c0000000, 0x00000000c2800000, 0x00000000eab00000)
  object space 40960K, 30% used [0x00000000c0000000,0x00000000c0c5b418,0x00000000c2800000)
 Metaspace       used 5919K, capacity 6896K, committed 7040K, reserved 1056768K
  class space    used 596K, capacity 616K, committed 640K, reserved 1048576K
}
Event: 16.067 GC heap before
{Heap before GC invocations=7 (full 0):
 PSYoungGen      total 70656K, used 68545K [0x00000000eab00000, 0x00000000efb00000, 0x0000000100000000)
  eden space 60928K, 100% used [0x00000000eab00000,0x00000000ee680000,0x00000000ee680000)
  from space 9728K, 78% used [0x00000000ef080000,0x00000000ef7f06e0,0x00000000efa00000)
  to   space 10240K, 0% used [0x00000000ee680000,0x00000000ee680000,0x00000000ef080000)
 ParOldGen       total 40960K, used 12653K [0x00000000c0000000, 0x00000000c2800000, 0x00000000eab00000)
  object space 40960K, 30% used [0x00000000c0000000,0x00000000c0c5b418,0x00000000c2800000)
 Metaspace       used 6049K, capacity 7024K, committed 7296K, reserved 1056768K
  class space    used 596K, capacity 616K, committed 640K, reserved 1048576K
Event: 16.113 GC heap after
Heap after GC invocations=7 (full 0):
 PSYoungGen      total 71168K, used 10222K [0x00000000eab00000, 0x00000000f4000000, 0x0000000100000000)
  eden space 60928K, 0% used [0x00000000eab00000,0x00000000eab00000,0x00000000ee680000)
  from space 10240K, 99% used [0x00000000ee680000,0x00000000ef07ba80,0x00000000ef080000)
  to   space 15360K, 0% used [0x00000000f3100000,0x00000000f3100000,0x00000000f4000000)
 ParOldGen       total 40960K, used 18663K [0x00000000c0000000, 0x00000000c2800000, 0x00000000eab00000)
  object space 40960K, 45% used [0x00000000c0000000,0x00000000c1239ed0,0x00000000c2800000)
 Metaspace       used 6049K, capacity 7024K, committed 7296K, reserved 1056768K
  class space    used 596K, capacity 616K, committed 640K, reserved 1048576K
}
Event: 16.410 GC heap before
{Heap before GC invocations=8 (full 0):
 PSYoungGen      total 71168K, used 71150K [0x00000000eab00000, 0x00000000f4000000, 0x0000000100000000)
  eden space 60928K, 100% used [0x00000000eab00000,0x00000000ee680000,0x00000000ee680000)
  from space 10240K, 99% used [0x00000000ee680000,0x00000000ef07ba80,0x00000000ef080000)
  to   space 15360K, 0% used [0x00000000f3100000,0x00000000f3100000,0x00000000f4000000)
 ParOldGen       total 40960K, used 18663K [0x00000000c0000000, 0x00000000c2800000, 0x00000000eab00000)
  object space 40960K, 45% used [0x00000000c0000000,0x00000000c1239ed0,0x00000000c2800000)
 Metaspace       used 6122K, capacity 7088K, committed 7296K, reserved 1056768K
  class space    used 596K, capacity 616K, committed 640K, reserved 1048576K
Event: 16.450 GC heap after
Heap after GC invocations=8 (full 0):
 PSYoungGen      total 132608K, used 15349K [0x00000000eab00000, 0x00000000f4900000, 0x0000000100000000)
  eden space 117248K, 0% used [0x00000000eab00000,0x00000000eab00000,0x00000000f1d80000)
  from space 15360K, 99% used [0x00000000f3100000,0x00000000f3ffd5f0,0x00000000f4000000)
  to   space 19968K, 0% used [0x00000000f1d80000,0x00000000f1d80000,0x00000000f3100000)
 ParOldGen       total 40960K, used 23394K [0x00000000c0000000, 0x00000000c2800000, 0x00000000eab00000)
  object space 40960K, 57% used [0x00000000c0000000,0x00000000c16d8ba8,0x00000000c2800000)
 Metaspace       used 6122K, capacity 7088K, committed 7296K, reserved 1056768K
  class space    used 596K, capacity 616K, committed 640K, reserved 1048576K
}
Event: 20.857 GC heap before
{Heap before GC invocations=9 (full 0):
 PSYoungGen      total 132608K, used 132597K [0x00000000eab00000, 0x00000000f4900000, 0x0000000100000000)
  eden space 117248K, 100% used [0x00000000eab00000,0x00000000f1d80000,0x00000000f1d80000)
  from space 15360K, 99% used [0x00000000f3100000,0x00000000f3ffd5f0,0x00000000f4000000)
  to   space 19968K, 0% used [0x00000000f1d80000,0x00000000f1d80000,0x00000000f3100000)
 ParOldGen       total 40960K, used 23394K [0x00000000c0000000, 0x00000000c2800000, 0x00000000eab00000)
  object space 40960K, 57% used [0x00000000c0000000,0x00000000c16d8ba8,0x00000000c2800000)
 Metaspace       used 6411K, capacity 7192K, committed 7424K, reserved 1056768K
  class space    used 617K, capacity 656K, committed 768K, reserved 1048576K

